<?xml version="1.0" encoding="UTF-8"?>
<testng-results skipped="0" failed="0" ignored="0" total="1" passed="1">
  <reporter-output>
  </reporter-output>
  <suite name="Suite" duration-ms="37" started-at="2017-07-26T16:37:56Z" finished-at="2017-07-26T16:37:56Z">
    <groups>
    </groups>
    <test name="Test" duration-ms="37" started-at="2017-07-26T16:37:56Z" finished-at="2017-07-26T16:37:56Z">
      <class name="useMaven.PracticeMaven">
        <test-method status="PASS" signature="testmaven()[pri:0, instance:useMaven.PracticeMaven@1b604f19]" name="testmaven" duration-ms="16" started-at="2017-07-26T22:07:56Z" finished-at="2017-07-26T22:07:56Z">
          <reporter-output>
          </reporter-output>
        </test-method> <!-- testmaven -->
      </class> <!-- useMaven.PracticeMaven -->
    </test> <!-- Test -->
  </suite> <!-- Suite -->
</testng-results>
